  [1m[35m (334.7ms)[0m  [1m[35mCREATE DATABASE "capybara_development" ENCODING = 'unicode'[0m
  [1m[35m (82.8ms)[0m  [1m[35mCREATE DATABASE "capybara_test" ENCODING = 'unicode'[0m
  [1m[35m (3.2ms)[0m  [1m[35mCREATE DATABASE "capybara_development" ENCODING = 'unicode'[0m
  [1m[35m (0.7ms)[0m  [1m[35mCREATE DATABASE "capybara_test" ENCODING = 'unicode'[0m
  [1m[35mSQL (2.0ms)[0m  [1m[35mCREATE EXTENSION IF NOT EXISTS "plpgsql"[0m
  [1m[35m (0.4ms)[0m  [1m[35mDROP TABLE IF EXISTS "albums" CASCADE[0m
  [1m[35m (18.8ms)[0m  [1m[35mCREATE TABLE "albums" ("id" bigserial primary key, "title" character varying NOT NULL, "band_id" bigint NOT NULL, "year" integer NOT NULL, "live" boolean DEFAULT FALSE NOT NULL, "created_at" timestamp(6) NOT NULL, "updated_at" timestamp(6) NOT NULL)[0m
  [1m[35m (1.0ms)[0m  [1m[35mCREATE UNIQUE INDEX "index_albums_on_band_id_and_title" ON "albums" ("band_id", "title")[0m
  [1m[35m (0.1ms)[0m  [1m[35mDROP TABLE IF EXISTS "bands" CASCADE[0m
  [1m[35m (1.9ms)[0m  [1m[35mCREATE TABLE "bands" ("id" bigserial primary key, "name" character varying NOT NULL, "created_at" timestamp(6) NOT NULL, "updated_at" timestamp(6) NOT NULL)[0m
  [1m[35m (0.7ms)[0m  [1m[35mCREATE UNIQUE INDEX "index_bands_on_name" ON "bands" ("name")[0m
  [1m[35m (0.1ms)[0m  [1m[35mDROP TABLE IF EXISTS "notes" CASCADE[0m
  [1m[35m (2.0ms)[0m  [1m[35mCREATE TABLE "notes" ("id" bigserial primary key, "track_id" bigint NOT NULL, "author_id" bigint NOT NULL, "content" text NOT NULL, "created_at" timestamp(6) NOT NULL, "updated_at" timestamp(6) NOT NULL)[0m
  [1m[35m (0.7ms)[0m  [1m[35mCREATE INDEX "index_notes_on_author_id" ON "notes" ("author_id")[0m
  [1m[35m (0.6ms)[0m  [1m[35mCREATE INDEX "index_notes_on_track_id" ON "notes" ("track_id")[0m
  [1m[35m (0.1ms)[0m  [1m[35mDROP TABLE IF EXISTS "tracks" CASCADE[0m
  [1m[35m (2.5ms)[0m  [1m[35mCREATE TABLE "tracks" ("id" bigserial primary key, "title" character varying NOT NULL, "album_id" bigint NOT NULL, "ord" integer NOT NULL, "bonus" boolean DEFAULT FALSE NOT NULL, "lyrics" text, "created_at" timestamp(6) NOT NULL, "updated_at" timestamp(6) NOT NULL)[0m
  [1m[35m (1.4ms)[0m  [1m[35mCREATE UNIQUE INDEX "index_tracks_on_album_id_and_ord" ON "tracks" ("album_id", "ord")[0m
  [1m[35m (0.2ms)[0m  [1m[35mDROP TABLE IF EXISTS "users" CASCADE[0m
  [1m[35m (3.1ms)[0m  [1m[35mCREATE TABLE "users" ("id" bigserial primary key, "email" character varying NOT NULL, "password_digest" character varying NOT NULL, "session_token" character varying NOT NULL, "created_at" timestamp(6) NOT NULL, "updated_at" timestamp(6) NOT NULL, "activated" boolean DEFAULT FALSE NOT NULL, "activation_token" character varying NOT NULL, "admin" boolean DEFAULT FALSE NOT NULL)[0m
  [1m[35m (0.9ms)[0m  [1m[35mCREATE UNIQUE INDEX "index_users_on_activation_token" ON "users" ("activation_token")[0m
  [1m[35m (0.8ms)[0m  [1m[35mCREATE UNIQUE INDEX "index_users_on_email" ON "users" ("email")[0m
  [1m[35m (0.8ms)[0m  [1m[35mCREATE UNIQUE INDEX "index_users_on_session_token" ON "users" ("session_token")[0m
  [1m[35m (4.6ms)[0m  [1m[35mALTER TABLE "albums" ADD CONSTRAINT "fk_rails_dd448a2456"
FOREIGN KEY ("band_id")
  REFERENCES "bands" ("id")
[0m
  [1m[35m (1.0ms)[0m  [1m[35mALTER TABLE "notes" ADD CONSTRAINT "fk_rails_4fd3c0703a"
FOREIGN KEY ("track_id")
  REFERENCES "tracks" ("id")
[0m
  [1m[35m (0.9ms)[0m  [1m[35mALTER TABLE "notes" ADD CONSTRAINT "fk_rails_36c9deba43"
FOREIGN KEY ("author_id")
  REFERENCES "users" ("id")
[0m
  [1m[35m (0.7ms)[0m  [1m[35mALTER TABLE "tracks" ADD CONSTRAINT "fk_rails_7c47d80164"
FOREIGN KEY ("album_id")
  REFERENCES "albums" ("id")
[0m
  [1m[35m (1.7ms)[0m  [1m[35mCREATE TABLE "schema_migrations" ("version" character varying NOT NULL PRIMARY KEY)[0m
  [1m[36mActiveRecord::SchemaMigration Pluck (0.4ms)[0m  [1m[34mSELECT "schema_migrations"."version" FROM "schema_migrations" ORDER BY "schema_migrations"."version" ASC[0m
  [1m[35m (0.3ms)[0m  [1m[32mINSERT INTO "schema_migrations" (version) VALUES (20220622161834)[0m
  [1m[35m (0.6ms)[0m  [1m[32mINSERT INTO "schema_migrations" (version) VALUES
(20220621163908),
(20220621190221),
(20220621192955),
(20220621194319),
(20220621212523),
(20220621221109);

[0m
  [1m[35m (1.6ms)[0m  [1m[35mCREATE TABLE "ar_internal_metadata" ("key" character varying NOT NULL PRIMARY KEY, "value" character varying, "created_at" timestamp(6) NOT NULL, "updated_at" timestamp(6) NOT NULL)[0m
  [1m[36mActiveRecord::InternalMetadata Load (0.3ms)[0m  [1m[34mSELECT "ar_internal_metadata".* FROM "ar_internal_metadata" WHERE "ar_internal_metadata"."key" = $1 LIMIT $2[0m  [["key", "environment"], ["LIMIT", 1]]
  [1m[36mTRANSACTION (0.1ms)[0m  [1m[35mBEGIN[0m
  [1m[36mActiveRecord::InternalMetadata Create (0.6ms)[0m  [1m[32mINSERT INTO "ar_internal_metadata" ("key", "value", "created_at", "updated_at") VALUES ($1, $2, $3, $4) RETURNING "key"[0m  [["key", "environment"], ["value", "development"], ["created_at", "2022-11-16 05:14:10.574133"], ["updated_at", "2022-11-16 05:14:10.574133"]]
  [1m[36mTRANSACTION (0.3ms)[0m  [1m[35mCOMMIT[0m
  [1m[36mActiveRecord::InternalMetadata Load (0.1ms)[0m  [1m[34mSELECT "ar_internal_metadata".* FROM "ar_internal_metadata" WHERE "ar_internal_metadata"."key" = $1 LIMIT $2[0m  [["key", "environment"], ["LIMIT", 1]]
  [1m[36mActiveRecord::InternalMetadata Load (0.2ms)[0m  [1m[34mSELECT "ar_internal_metadata".* FROM "ar_internal_metadata" WHERE "ar_internal_metadata"."key" = $1 LIMIT $2[0m  [["key", "schema_sha1"], ["LIMIT", 1]]
  [1m[36mTRANSACTION (0.2ms)[0m  [1m[35mBEGIN[0m
  [1m[36mActiveRecord::InternalMetadata Create (0.3ms)[0m  [1m[32mINSERT INTO "ar_internal_metadata" ("key", "value", "created_at", "updated_at") VALUES ($1, $2, $3, $4) RETURNING "key"[0m  [["key", "schema_sha1"], ["value", "62f8ce91b4792a0342a755f285059aed72799039"], ["created_at", "2022-11-16 05:14:10.600669"], ["updated_at", "2022-11-16 05:14:10.600669"]]
  [1m[36mTRANSACTION (0.4ms)[0m  [1m[35mCOMMIT[0m
  [1m[35mSQL (1.2ms)[0m  [1m[35mCREATE EXTENSION IF NOT EXISTS "plpgsql"[0m
  [1m[35m (0.2ms)[0m  [1m[35mDROP TABLE IF EXISTS "albums" CASCADE[0m
  [1m[35m (4.8ms)[0m  [1m[35mCREATE TABLE "albums" ("id" bigserial primary key, "title" character varying NOT NULL, "band_id" bigint NOT NULL, "year" integer NOT NULL, "live" boolean DEFAULT FALSE NOT NULL, "created_at" timestamp(6) NOT NULL, "updated_at" timestamp(6) NOT NULL)[0m
  [1m[35m (0.9ms)[0m  [1m[35mCREATE UNIQUE INDEX "index_albums_on_band_id_and_title" ON "albums" ("band_id", "title")[0m
  [1m[35m (0.2ms)[0m  [1m[35mDROP TABLE IF EXISTS "bands" CASCADE[0m
  [1m[35m (2.3ms)[0m  [1m[35mCREATE TABLE "bands" ("id" bigserial primary key, "name" character varying NOT NULL, "created_at" timestamp(6) NOT NULL, "updated_at" timestamp(6) NOT NULL)[0m
  [1m[35m (0.9ms)[0m  [1m[35mCREATE UNIQUE INDEX "index_bands_on_name" ON "bands" ("name")[0m
  [1m[35m (0.1ms)[0m  [1m[35mDROP TABLE IF EXISTS "notes" CASCADE[0m
  [1m[35m (2.1ms)[0m  [1m[35mCREATE TABLE "notes" ("id" bigserial primary key, "track_id" bigint NOT NULL, "author_id" bigint NOT NULL, "content" text NOT NULL, "created_at" timestamp(6) NOT NULL, "updated_at" timestamp(6) NOT NULL)[0m
  [1m[35m (1.0ms)[0m  [1m[35mCREATE INDEX "index_notes_on_author_id" ON "notes" ("author_id")[0m
  [1m[35m (0.7ms)[0m  [1m[35mCREATE INDEX "index_notes_on_track_id" ON "notes" ("track_id")[0m
  [1m[35m (0.1ms)[0m  [1m[35mDROP TABLE IF EXISTS "tracks" CASCADE[0m
  [1m[35m (2.4ms)[0m  [1m[35mCREATE TABLE "tracks" ("id" bigserial primary key, "title" character varying NOT NULL, "album_id" bigint NOT NULL, "ord" integer NOT NULL, "bonus" boolean DEFAULT FALSE NOT NULL, "lyrics" text, "created_at" timestamp(6) NOT NULL, "updated_at" timestamp(6) NOT NULL)[0m
  [1m[35m (0.9ms)[0m  [1m[35mCREATE UNIQUE INDEX "index_tracks_on_album_id_and_ord" ON "tracks" ("album_id", "ord")[0m
  [1m[35m (0.1ms)[0m  [1m[35mDROP TABLE IF EXISTS "users" CASCADE[0m
  [1m[35m (2.2ms)[0m  [1m[35mCREATE TABLE "users" ("id" bigserial primary key, "email" character varying NOT NULL, "password_digest" character varying NOT NULL, "session_token" character varying NOT NULL, "created_at" timestamp(6) NOT NULL, "updated_at" timestamp(6) NOT NULL, "activated" boolean DEFAULT FALSE NOT NULL, "activation_token" character varying NOT NULL, "admin" boolean DEFAULT FALSE NOT NULL)[0m
  [1m[35m (1.0ms)[0m  [1m[35mCREATE UNIQUE INDEX "index_users_on_activation_token" ON "users" ("activation_token")[0m
  [1m[35m (0.8ms)[0m  [1m[35mCREATE UNIQUE INDEX "index_users_on_email" ON "users" ("email")[0m
  [1m[35m (0.7ms)[0m  [1m[35mCREATE UNIQUE INDEX "index_users_on_session_token" ON "users" ("session_token")[0m
  [1m[35m (3.9ms)[0m  [1m[35mALTER TABLE "albums" ADD CONSTRAINT "fk_rails_dd448a2456"
FOREIGN KEY ("band_id")
  REFERENCES "bands" ("id")
[0m
  [1m[35m (1.4ms)[0m  [1m[35mALTER TABLE "notes" ADD CONSTRAINT "fk_rails_4fd3c0703a"
FOREIGN KEY ("track_id")
  REFERENCES "tracks" ("id")
[0m
  [1m[35m (1.4ms)[0m  [1m[35mALTER TABLE "notes" ADD CONSTRAINT "fk_rails_36c9deba43"
FOREIGN KEY ("author_id")
  REFERENCES "users" ("id")
[0m
  [1m[35m (1.5ms)[0m  [1m[35mALTER TABLE "tracks" ADD CONSTRAINT "fk_rails_7c47d80164"
FOREIGN KEY ("album_id")
  REFERENCES "albums" ("id")
[0m
  [1m[36mActiveRecord::SchemaMigration Pluck (0.5ms)[0m  [1m[34mSELECT "schema_migrations"."version" FROM "schema_migrations" ORDER BY "schema_migrations"."version" ASC[0m
  [1m[35m (0.6ms)[0m  [1m[32mINSERT INTO "schema_migrations" (version) VALUES (20220622161834)[0m
  [1m[35m (0.4ms)[0m  [1m[32mINSERT INTO "schema_migrations" (version) VALUES
(20220621163908),
(20220621190221),
(20220621192955),
(20220621194319),
(20220621212523),
(20220621221109);

[0m
  [1m[36mActiveRecord::InternalMetadata Load (0.5ms)[0m  [1m[34mSELECT "ar_internal_metadata".* FROM "ar_internal_metadata" WHERE "ar_internal_metadata"."key" = $1 LIMIT $2[0m  [["key", "environment"], ["LIMIT", 1]]
  [1m[36mTRANSACTION (0.2ms)[0m  [1m[35mBEGIN[0m
  [1m[36mActiveRecord::InternalMetadata Create (0.7ms)[0m  [1m[32mINSERT INTO "ar_internal_metadata" ("key", "value", "created_at", "updated_at") VALUES ($1, $2, $3, $4) RETURNING "key"[0m  [["key", "environment"], ["value", "development"], ["created_at", "2022-11-16 05:14:10.685206"], ["updated_at", "2022-11-16 05:14:10.685206"]]
  [1m[36mTRANSACTION (0.3ms)[0m  [1m[35mCOMMIT[0m
  [1m[36mActiveRecord::InternalMetadata Load (0.2ms)[0m  [1m[34mSELECT "ar_internal_metadata".* FROM "ar_internal_metadata" WHERE "ar_internal_metadata"."key" = $1 LIMIT $2[0m  [["key", "environment"], ["LIMIT", 1]]
  [1m[36mTRANSACTION (0.2ms)[0m  [1m[35mBEGIN[0m
  [1m[36mActiveRecord::InternalMetadata Update (0.3ms)[0m  [1m[33mUPDATE "ar_internal_metadata" SET "value" = $1, "updated_at" = $2 WHERE "ar_internal_metadata"."key" = $3[0m  [["value", "test"], ["updated_at", "2022-11-16 05:14:10.690191"], ["key", "environment"]]
  [1m[36mTRANSACTION (0.3ms)[0m  [1m[35mCOMMIT[0m
  [1m[36mActiveRecord::InternalMetadata Load (0.2ms)[0m  [1m[34mSELECT "ar_internal_metadata".* FROM "ar_internal_metadata" WHERE "ar_internal_metadata"."key" = $1 LIMIT $2[0m  [["key", "schema_sha1"], ["LIMIT", 1]]
  [1m[36mTRANSACTION (0.1ms)[0m  [1m[35mBEGIN[0m
  [1m[36mActiveRecord::InternalMetadata Create (0.2ms)[0m  [1m[32mINSERT INTO "ar_internal_metadata" ("key", "value", "created_at", "updated_at") VALUES ($1, $2, $3, $4) RETURNING "key"[0m  [["key", "schema_sha1"], ["value", "62f8ce91b4792a0342a755f285059aed72799039"], ["created_at", "2022-11-16 05:14:10.694337"], ["updated_at", "2022-11-16 05:14:10.694337"]]
  [1m[36mTRANSACTION (0.2ms)[0m  [1m[35mCOMMIT[0m
  [1m[36mActiveRecord::SchemaMigration Pluck (0.5ms)[0m  [1m[34mSELECT "schema_migrations"."version" FROM "schema_migrations" ORDER BY "schema_migrations"."version" ASC[0m
  [1m[35m (5.0ms)[0m  [1m[34mSELECT pg_try_advisory_lock(4668561641035166595)[0m
  [1m[36mActiveRecord::SchemaMigration Pluck (0.5ms)[0m  [1m[34mSELECT "schema_migrations"."version" FROM "schema_migrations" ORDER BY "schema_migrations"."version" ASC[0m
  [1m[36mActiveRecord::InternalMetadata Load (0.3ms)[0m  [1m[34mSELECT "ar_internal_metadata".* FROM "ar_internal_metadata" WHERE "ar_internal_metadata"."key" = $1 LIMIT $2[0m  [["key", "environment"], ["LIMIT", 1]]
  [1m[35m (0.2ms)[0m  [1m[34mSELECT pg_advisory_unlock(4668561641035166595)[0m
  [1m[36mActiveRecord::SchemaMigration Pluck (0.4ms)[0m  [1m[34mSELECT "schema_migrations"."version" FROM "schema_migrations" ORDER BY "schema_migrations"."version" ASC[0m
